#-----------------------------------------------------------
# Vivado v2018.2 (64-bit)
# SW Build 2258646 on Thu Jun 14 20:02:38 MDT 2018
# IP Build 2256618 on Thu Jun 14 22:10:49 MDT 2018
# Start of session at: Mon Nov 28 23:03:12 2022
# Process ID: 28531
# Current directory: /nfs/home/j/j_hillin/Desktop/COEN_316/lab5
# Command line: vivado
# Log file: /nfs/home/j/j_hillin/Desktop/COEN_316/lab5/vivado.log
# Journal file: /nfs/home/j/j_hillin/Desktop/COEN_316/lab5/vivado.jou
#-----------------------------------------------------------
start_gui
create_project lab5 /nfs/home/j/j_hillin/Desktop/COEN_316/lab5/lab5 -part xc7a100tcsg324-1
INFO: [IP_Flow 19-234] Refreshing IP repositories
INFO: [IP_Flow 19-1704] No user IP repositories specified
INFO: [IP_Flow 19-2313] Loaded Vivado IP repository '/CMC/tools/xilinx/Vivado_2018.2/Vivado/2018.2/data/ip'.
create_project: Time (s): cpu = 00:00:10 ; elapsed = 00:00:06 . Memory (MB): peak = 6417.562 ; gain = 26.398 ; free physical = 15120 ; free virtual = 153053
set_property target_language VHDL [current_project]
set_property simulator_language VHDL [current_project]
add_files -norecurse {/nfs/home/j/j_hillin/Desktop/COEN_316/lab5/adder_subtract.vhd /nfs/home/j/j_hillin/Desktop/COEN_316/lab5/logic_unit.vhd /nfs/home/j/j_hillin/Desktop/COEN_316/lab5/sign_extend.vhd /nfs/home/j/j_hillin/Desktop/COEN_316/lab5/next_address_32.vhd /nfs/home/j/j_hillin/Desktop/COEN_316/lab5/cpu_4bit.vhd /nfs/home/j/j_hillin/Desktop/COEN_316/lab5/d_cache.vhd /nfs/home/j/j_hillin/Desktop/COEN_316/lab5/cpu.vhd /nfs/home/j/j_hillin/Desktop/COEN_316/lab5/mux_block.vhd /nfs/home/j/j_hillin/Desktop/COEN_316/lab5/alu.vhd /nfs/home/j/j_hillin/Desktop/COEN_316/lab5/regfile_32.vhd /nfs/home/j/j_hillin/Desktop/COEN_316/lab5/i_cache.vhd /nfs/home/j/j_hillin/Desktop/COEN_316/lab5/pc_reg.vhd}
import_files -force -norecurse
INFO: [filemgmt 20-348] Importing the appropriate files for fileset: 'sources_1'
import_files -fileset constrs_1 -force -norecurse /nfs/home/j/j_hillin/Desktop/COEN_316/lab5/cpu.xdc
update_compile_order -fileset sources_1
set_property target_constrs_file /nfs/home/j/j_hillin/Desktop/COEN_316/lab5/lab5/lab5.srcs/constrs_1/imports/lab5/cpu.xdc [current_fileset -constrset]
launch_runs synth_1 -jobs 12
[Mon Nov 28 23:30:52 2022] Launched synth_1...
Run output will be captured here: /nfs/home/j/j_hillin/Desktop/COEN_316/lab5/lab5/lab5.runs/synth_1/runme.log
launch_runs impl_1 -jobs 12
[Mon Nov 28 23:33:13 2022] Launched impl_1...
Run output will be captured here: /nfs/home/j/j_hillin/Desktop/COEN_316/lab5/lab5/lab5.runs/impl_1/runme.log
exit
INFO: [Common 17-206] Exiting Vivado at Tue Nov 29 00:26:30 2022...
