#-----------------------------------------------------------
# Vivado v2018.2 (64-bit)
# SW Build 2258646 on Thu Jun 14 20:02:38 MDT 2018
# IP Build 2256618 on Thu Jun 14 22:10:49 MDT 2018
# Start of session at: Tue Nov 29 00:31:00 2022
# Process ID: 7909
# Current directory: /nfs/home/j/j_hillin/Desktop/COEN_316/lab5
# Command line: vivado
# Log file: /nfs/home/j/j_hillin/Desktop/COEN_316/lab5/vivado.log
# Journal file: /nfs/home/j/j_hillin/Desktop/COEN_316/lab5/vivado.jou
#-----------------------------------------------------------
start_gui
open_project /nfs/home/j/j_hillin/Desktop/COEN_316/lab5/lab5/lab5.xpr
Scanning sources...
Finished scanning sources
INFO: [IP_Flow 19-234] Refreshing IP repositories
INFO: [IP_Flow 19-1704] No user IP repositories specified
INFO: [IP_Flow 19-2313] Loaded Vivado IP repository '/CMC/tools/xilinx/Vivado_2018.2/Vivado/2018.2/data/ip'.
open_project: Time (s): cpu = 00:00:23 ; elapsed = 00:00:09 . Memory (MB): peak = 6502.344 ; gain = 176.602 ; free physical = 14106 ; free virtual = 153061
update_compile_order -fileset sources_1
close_project
create_project lab5_2 /nfs/home/j/j_hillin/Desktop/COEN_316/lab5/lab5_2 -part xc7a100tcsg324-1
INFO: [IP_Flow 19-234] Refreshing IP repositories
INFO: [IP_Flow 19-1704] No user IP repositories specified
INFO: [IP_Flow 19-2313] Loaded Vivado IP repository '/CMC/tools/xilinx/Vivado_2018.2/Vivado/2018.2/data/ip'.
create_project: Time (s): cpu = 00:00:07 ; elapsed = 00:00:08 . Memory (MB): peak = 6542.367 ; gain = 0.000 ; free physical = 14102 ; free virtual = 153057
set_property target_language VHDL [current_project]
set_property simulator_language VHDL [current_project]
add_files -norecurse {/nfs/home/j/j_hillin/Desktop/COEN_316/lab5/adder_subtract.vhd /nfs/home/j/j_hillin/Desktop/COEN_316/lab5/logic_unit.vhd /nfs/home/j/j_hillin/Desktop/COEN_316/lab5/sign_extend.vhd /nfs/home/j/j_hillin/Desktop/COEN_316/lab5/cpu_4bit.vhd /nfs/home/j/j_hillin/Desktop/COEN_316/lab5/next_address_32.vhd /nfs/home/j/j_hillin/Desktop/COEN_316/lab5/d_cache.vhd /nfs/home/j/j_hillin/Desktop/COEN_316/lab5/cpu.vhd /nfs/home/j/j_hillin/Desktop/COEN_316/lab5/mux_block.vhd /nfs/home/j/j_hillin/Desktop/COEN_316/lab5/alu.vhd /nfs/home/j/j_hillin/Desktop/COEN_316/lab5/regfile_32.vhd /nfs/home/j/j_hillin/Desktop/COEN_316/lab5/i_cache.vhd /nfs/home/j/j_hillin/Desktop/COEN_316/lab5/pc_reg.vhd}
import_files -force -norecurse
INFO: [filemgmt 20-348] Importing the appropriate files for fileset: 'sources_1'
import_files -fileset constrs_1 -force -norecurse /nfs/home/j/j_hillin/Desktop/COEN_316/lab5/cpu.xdc
update_compile_order -fileset sources_1
set_property target_constrs_file /nfs/home/j/j_hillin/Desktop/COEN_316/lab5/lab5_2/lab5_2.srcs/constrs_1/imports/lab5/cpu.xdc [current_fileset -constrset]
launch_runs synth_1 -jobs 12
[Tue Nov 29 00:34:40 2022] Launched synth_1...
Run output will be captured here: /nfs/home/j/j_hillin/Desktop/COEN_316/lab5/lab5_2/lab5_2.runs/synth_1/runme.log
launch_runs impl_1 -jobs 12
[Tue Nov 29 00:36:40 2022] Launched impl_1...
Run output will be captured here: /nfs/home/j/j_hillin/Desktop/COEN_316/lab5/lab5_2/lab5_2.runs/impl_1/runme.log
launch_runs impl_1 -to_step write_bitstream -jobs 12
[Tue Nov 29 00:40:23 2022] Launched impl_1...
Run output will be captured here: /nfs/home/j/j_hillin/Desktop/COEN_316/lab5/lab5_2/lab5_2.runs/impl_1/runme.log
exit
INFO: [Common 17-206] Exiting Vivado at Tue Nov 29 00:54:11 2022...
